D:\SUJITX\VITADATABASE_CPP\DAY1\PRACTISE\PROJECT1\PROJECT1\DEBUG\VC110.PDB
D:\SUJITX\VITADATABASE_CPP\DAY1\PRACTISE\PROJECT1\PROJECT1\DEBUG\SOURCE1.OBJ
D:\SUJITX\VITADATABASE_CPP\DAY1\PRACTISE\PROJECT1\DEBUG\PROJECT1.ILK
D:\SUJITX\VITADATABASE_CPP\DAY1\PRACTISE\PROJECT1\DEBUG\PROJECT1.EXE
D:\SUJITX\VITADATABASE_CPP\DAY1\PRACTISE\PROJECT1\DEBUG\PROJECT1.PDB
D:\SujitX\VitaDatabase_CPP\Day1\Practise\Project1\Project1\Debug\Source1.obj
D:\SujitX\VitaDatabase_CPP\Day1\Practise\Project1\Project1\Debug\cl.command.1.tlog
D:\SujitX\VitaDatabase_CPP\Day1\Practise\Project1\Project1\Debug\CL.read.1.tlog
D:\SujitX\VitaDatabase_CPP\Day1\Practise\Project1\Project1\Debug\CL.write.1.tlog
D:\SujitX\VitaDatabase_CPP\Day1\Practise\Project1\Project1\Debug\link-cvtres.read.1.tlog
D:\SujitX\VitaDatabase_CPP\Day1\Practise\Project1\Project1\Debug\link-cvtres.write.1.tlog
D:\SujitX\VitaDatabase_CPP\Day1\Practise\Project1\Project1\Debug\link-rc.read.1.tlog
D:\SujitX\VitaDatabase_CPP\Day1\Practise\Project1\Project1\Debug\link-rc.write.1.tlog
D:\SujitX\VitaDatabase_CPP\Day1\Practise\Project1\Project1\Debug\link.command.1.tlog
D:\SujitX\VitaDatabase_CPP\Day1\Practise\Project1\Project1\Debug\link.read.1.tlog
D:\SujitX\VitaDatabase_CPP\Day1\Practise\Project1\Project1\Debug\link.write.1.tlog
D:\SujitX\VitaDatabase_CPP\Day1\Practise\Project1\Project1\Debug\vc110.idb
D:\SujitX\VitaDatabase_CPP\Day1\Practise\Project1\Project1\Debug\vc110.pdb
D:\SujitX\VitaDatabase_CPP\Day1\Practise\Project1\Debug\Project1.pdb
D:\SujitX\VitaDatabase_CPP\Day1\Practise\Project1\Debug\Project1.exe
D:\SujitX\VitaDatabase_CPP\Day1\Practise\Project1\Debug\Project1.ilk
