D:\SUJITX\VITADATABASE_CPP\DAY1\DYNAMIC LIBRARY\DEVLOPERAPP\WIN32PROJECT1\WIN32PROJECT1\DEBUG\SOURCE.OBJ
D:\SUJITX\VITADATABASE_CPP\DAY1\DYNAMIC LIBRARY\DEVLOPERAPP\WIN32PROJECT1\WIN32PROJECT1\DEBUG\VC110.PDB
D:\SujitX\VitaDatabase_CPP\Day1\dynamic library\DevloperApp\Win32Project1\Debug\DevPro.lib
D:\SujitX\VitaDatabase_CPP\Day1\dynamic library\DevloperApp\Win32Project1\Debug\DevPro.exp
D:\SUJITX\VITADATABASE_CPP\DAY1\DYNAMIC LIBRARY\DEVLOPERAPP\WIN32PROJECT1\DEBUG\WIN32PROJECT1.ILK
D:\SUJITX\VITADATABASE_CPP\DAY1\DYNAMIC LIBRARY\DEVLOPERAPP\WIN32PROJECT1\DEBUG\WIN32PROJECT1.DLL
D:\SUJITX\VITADATABASE_CPP\DAY1\DYNAMIC LIBRARY\DEVLOPERAPP\WIN32PROJECT1\DEBUG\WIN32PROJECT1.PDB
D:\SUJITX\VITADATABASE_CPP\DAY1\DYNAMIC LIBRARY\DEVLOPERAPP\WIN32PROJECT1\DEBUG\DEVPRO.ILK
D:\SUJITX\VITADATABASE_CPP\DAY1\DYNAMIC LIBRARY\DEVLOPERAPP\WIN32PROJECT1\DEBUG\DEVPRO.DLL
D:\SUJITX\VITADATABASE_CPP\DAY1\DYNAMIC LIBRARY\DEVLOPERAPP\WIN32PROJECT1\DEBUG\DEVPRO.PDB
D:\SujitX\VitaDatabase_CPP\Day1\dynamic library\DevloperApp\Win32Project1\Debug\Win32Project1.lib
D:\SujitX\VitaDatabase_CPP\Day1\dynamic library\DevloperApp\Win32Project1\Debug\Win32Project1.exp
D:\SujitX\VitaDatabase_CPP\Day1\dynamic library\DevloperApp\Win32Project1\Win32Project1\Debug\Source.obj
D:\SujitX\VitaDatabase_CPP\Day1\dynamic library\DevloperApp\Win32Project1\Win32Project1\Debug\cl.command.1.tlog
D:\SujitX\VitaDatabase_CPP\Day1\dynamic library\DevloperApp\Win32Project1\Win32Project1\Debug\CL.read.1.tlog
D:\SujitX\VitaDatabase_CPP\Day1\dynamic library\DevloperApp\Win32Project1\Win32Project1\Debug\CL.write.1.tlog
D:\SujitX\VitaDatabase_CPP\Day1\dynamic library\DevloperApp\Win32Project1\Win32Project1\Debug\DevPro.write.1.tlog
D:\SujitX\VitaDatabase_CPP\Day1\dynamic library\DevloperApp\Win32Project1\Win32Project1\Debug\link-cvtres.read.1.tlog
D:\SujitX\VitaDatabase_CPP\Day1\dynamic library\DevloperApp\Win32Project1\Win32Project1\Debug\link-cvtres.write.1.tlog
D:\SujitX\VitaDatabase_CPP\Day1\dynamic library\DevloperApp\Win32Project1\Win32Project1\Debug\link-rc.read.1.tlog
D:\SujitX\VitaDatabase_CPP\Day1\dynamic library\DevloperApp\Win32Project1\Win32Project1\Debug\link-rc.write.1.tlog
D:\SujitX\VitaDatabase_CPP\Day1\dynamic library\DevloperApp\Win32Project1\Win32Project1\Debug\link.command.1.tlog
D:\SujitX\VitaDatabase_CPP\Day1\dynamic library\DevloperApp\Win32Project1\Win32Project1\Debug\link.read.1.tlog
D:\SujitX\VitaDatabase_CPP\Day1\dynamic library\DevloperApp\Win32Project1\Win32Project1\Debug\link.write.1.tlog
D:\SujitX\VitaDatabase_CPP\Day1\dynamic library\DevloperApp\Win32Project1\Win32Project1\Debug\Win32Project1.write.1.tlog
D:\SujitX\VitaDatabase_CPP\Day1\dynamic library\DevloperApp\Win32Project1\Win32Project1\Debug\vc110.idb
D:\SujitX\VitaDatabase_CPP\Day1\dynamic library\DevloperApp\Win32Project1\Win32Project1\Debug\vc110.pdb
D:\SujitX\VitaDatabase_CPP\Day1\dynamic library\DevloperApp\Win32Project1\Debug\DevPro.pdb
D:\SujitX\VitaDatabase_CPP\Day1\dynamic library\DevloperApp\Win32Project1\Debug\DevPro.dll
D:\SujitX\VitaDatabase_CPP\Day1\dynamic library\DevloperApp\Win32Project1\Debug\DevPro.ilk
